

Microchip MPLAB XC8 Assembler V2.10 build 88905656 
                                                                                               Fri Jun 04 17:45:55 2021

Microchip MPLAB XC8 C Compiler v2.10 (Free license) build 20190730164152 Og1 
     1                           	processor	18F4550
     2                           	fnconf	rparam,??,?,0
     3                           	opt	pw 120
     4                           	opt	flic
     5                           	psect	cinit,global,reloc=2,class=CODE,delta=1
     6                           	psect	bssCOMRAM,global,class=COMRAM,space=1,delta=1,noexec
     7                           	psect	cstackCOMRAM,global,class=COMRAM,space=1,delta=1,noexec
     8                           	psect	text0,global,reloc=2,class=CODE,delta=1
     9                           	psect	text1,global,reloc=2,class=CODE,delta=1
    10                           	psect	text2,global,reloc=2,class=CODE,delta=1
    11                           	psect	text3,global,reloc=2,class=CODE,delta=1
    12                           	psect	text4,global,reloc=2,class=CODE,delta=1
    13                           	psect	text5,global,reloc=2,class=CODE,delta=1
    14                           	psect	text6,global,reloc=2,class=CODE,delta=1
    15                           	psect	intsave_regs,global,class=BIGRAM,space=1,delta=1,noexec
    16                           	psect	rparam,global,class=COMRAM,space=1,delta=1,noexec
    17  0000                     
    18                           ; Version 2.10
    19                           ; Generated 31/07/2019 GMT
    20                           ; 
    21                           ; Copyright © 2019, Microchip Technology Inc. and its subsidiaries ("Microchip")
    22                           ; All rights reserved.
    23                           ; 
    24                           ; This software is developed by Microchip Technology Inc. and its subsidiaries ("Microch
      +                          ip").
    25                           ; 
    26                           ; Redistribution and use in source and binary forms, with or without modification, are
    27                           ; permitted provided that the following conditions are met:
    28                           ; 
    29                           ;     1. Redistributions of source code must retain the above copyright notice, this lis
      +                          t of
    30                           ;        conditions and the following disclaimer.
    31                           ; 
    32                           ;     2. Redistributions in binary form must reproduce the above copyright notice, this 
      +                          list
    33                           ;        of conditions and the following disclaimer in the documentation and/or other
    34                           ;        materials provided with the distribution.
    35                           ; 
    36                           ;     3. Microchip's name may not be used to endorse or promote products derived from th
      +                          is
    37                           ;        software without specific prior written permission.
    38                           ; 
    39                           ; THIS SOFTWARE IS PROVIDED BY MICROCHIP "AS IS" AND ANY EXPRESS OR IMPLIED WARRANTIES,
    40                           ; INCLUDING, BUT NOT LIMITED TO, THE IMPLIED WARRANTIES OF MERCHANTABILITY AND FITNESS F
      +                          OR
    41                           ; PURPOSE ARE DISCLAIMED.  IN NO EVENT SHALL MICROCHIP BE LIABLE FOR ANY DIRECT, INDIREC
      +                          T,
    42                           ; INCIDENTAL, SPECIAL, EXEMPLARY, OR CONSEQUENTIAL DAMAGES (INCLUDING BUT NOT LIMITED TO
    43                           ; PROCUREMENT OF SUBSTITUTE GOODS OR SERVICES; LOSS OF USE, DATA OR PROFITS; OR BUSINESS
    44                           ; INTERRUPTION) HOWSOEVER CAUSED AND ON ANY THEORY OF LIABILITY, WHETHER IN CONTRACT, ST
      +                          RICT
    45                           ; LIABILITY, OR TORT (INCLUDING NEGLIGENCE OR OTHERWISE) ARISING IN ANY WAY OUT OF THE U
      +                          SE OF
    46                           ; THIS SOFTWARE, EVEN IF ADVISED OF THE POSSIBILITY OF SUCH DAMAGE.
    47                           ; 
    48                           ; 
    49                           ; Code-generator required, PIC18F4550 Definitions
    50                           ; 
    51                           ; SFR Addresses
    52  0000                     _SSPBUF	set	4041
    53  0000                     _SSPADD	set	4040
    54  0000                     _SSPCON2	set	4037
    55  0000                     _SSPCON1	set	4038
    56  0000                     _SSPSTAT	set	4039
    57  0000                     _TRISBbits	set	3987
    58  0000                     _ADCON1	set	4033
    59  0000                     _OSCCON	set	4051
    60  0000                     _ACKEN	set	32300
    61  0000                     _ACKDT	set	32301
    62  0000                     _RCEN	set	32299
    63  0000                     _RSEN	set	32297
    64  0000                     _PEN	set	32298
    65  0000                     _SEN	set	32296
    66                           
    67                           ; #config settings
    68  0000                     
    69                           	psect	cinit
    70  007E48                     __pcinit:
    71                           	opt callstack 0
    72  007E48                     start_initialization:
    73                           	opt callstack 0
    74  007E48                     __initialization:
    75                           	opt callstack 0
    76                           
    77                           ; Clear objects allocated to COMRAM (2 bytes)
    78  007E48  6A08               	clrf	(__pbssCOMRAM+1)& (0+255),c
    79  007E4A  6A07               	clrf	__pbssCOMRAM& (0+255),c
    80  007E4C                     end_of_initialization:
    81                           	opt callstack 0
    82  007E4C                     __end_of__initialization:
    83                           	opt callstack 0
    84  007E4C  0100               	movlb	0
    85  007E4E  EF69  F03F         	goto	_main	;jump to C main() function
    86                           
    87                           	psect	bssCOMRAM
    88  000007                     __pbssCOMRAM:
    89                           	opt callstack 0
    90  000007                     _i:
    91                           	opt callstack 0
    92  000007                     	ds	2
    93                           
    94                           	psect	cstackCOMRAM
    95  000001                     __pcstackCOMRAM:
    96                           	opt callstack 0
    97  000001                     ??_ReadyI2C:
    98  000001                     
    99                           ; 1 bytes @ 0x0
   100  000001                     	ds	1
   101  000002                     SendI2C@data:
   102                           	opt callstack 0
   103                           
   104                           ; 1 bytes @ 0x1
   105  000002                     	ds	1
   106  000003                     WriteI2C@Data:
   107                           	opt callstack 0
   108                           
   109                           ; 1 bytes @ 0x2
   110  000003                     	ds	1
   111  000004                     ??_WriteI2C:
   112                           
   113                           ; 1 bytes @ 0x3
   114  000004                     	ds	2
   115  000006                     WriteI2C@Address:
   116                           	opt callstack 0
   117                           
   118                           ; 1 bytes @ 0x5
   119  000006                     	ds	1
   120  000007                     
   121                           ; 1 bytes @ 0x6
   122 ;;
   123 ;;Main: autosize = 0, tempsize = 0, incstack = 0, save=0
   124 ;;
   125 ;; *************** function _main *****************
   126 ;; Defined at:
   127 ;;		line 46 in file "main.c"
   128 ;; Parameters:    Size  Location     Type
   129 ;;		None
   130 ;; Auto vars:     Size  Location     Type
   131 ;;		None
   132 ;; Return value:  Size  Location     Type
   133 ;;                  1    wreg      void 
   134 ;; Registers used:
   135 ;;		wreg, status,2, status,0, cstack
   136 ;; Tracked objects:
   137 ;;		On entry : 0/0
   138 ;;		On exit  : 0/0
   139 ;;		Unchanged: 0/0
   140 ;; Data sizes:     COMRAM   BANK0   BANK1   BANK2   BANK3   BANK4   BANK5   BANK6   BANK7
   141 ;;      Params:         0       0       0       0       0       0       0       0       0
   142 ;;      Locals:         0       0       0       0       0       0       0       0       0
   143 ;;      Temps:          0       0       0       0       0       0       0       0       0
   144 ;;      Totals:         0       0       0       0       0       0       0       0       0
   145 ;;Total ram usage:        0 bytes
   146 ;; Hardware stack levels required when called:    3
   147 ;; This function calls:
   148 ;;		_WriteI2C
   149 ;;		_settings
   150 ;; This function is called by:
   151 ;;		Startup code after reset
   152 ;; This function uses a non-reentrant model
   153 ;;
   154                           
   155                           	psect	text0
   156  007ED2                     __ptext0:
   157                           	opt callstack 0
   158  007ED2                     _main:
   159                           	opt callstack 28
   160  007ED2                     
   161                           ;main.c: 47:     settings();
   162  007ED2  EC2F  F03F         	call	_settings	;wreg free
   163  007ED6                     
   164                           ;main.c: 48:     WriteI2C(0x4E,0x00);
   165  007ED6  0E00               	movlw	0
   166  007ED8  6E03               	movwf	WriteI2C@Data^0,c
   167  007EDA  0E4E               	movlw	78
   168  007EDC  EC51  F03F         	call	_WriteI2C
   169  007EE0                     
   170                           ;main.c: 50:     WriteI2C(0x4E,0x04);
   171  007EE0  0E04               	movlw	4
   172  007EE2  6E03               	movwf	WriteI2C@Data^0,c
   173  007EE4  0E4E               	movlw	78
   174  007EE6  EC51  F03F         	call	_WriteI2C
   175  007EEA                     
   176                           ;main.c: 51:     WriteI2C(0x4E,(0x04&~0x04));
   177  007EEA  0E00               	movlw	0
   178  007EEC  6E03               	movwf	WriteI2C@Data^0,c
   179  007EEE  0E4E               	movlw	78
   180  007EF0  EC51  F03F         	call	_WriteI2C
   181  007EF4                     
   182                           ;main.c: 52:     WriteI2C(0x4E,0x24);
   183  007EF4  0E24               	movlw	36
   184  007EF6  6E03               	movwf	WriteI2C@Data^0,c
   185  007EF8  0E4E               	movlw	78
   186  007EFA  EC51  F03F         	call	_WriteI2C
   187  007EFE                     
   188                           ;main.c: 53:     WriteI2C(0x4E,(0x24&~0x04));
   189  007EFE  0E20               	movlw	32
   190  007F00  6E03               	movwf	WriteI2C@Data^0,c
   191  007F02  0E4E               	movlw	78
   192  007F04  EC51  F03F         	call	_WriteI2C
   193  007F08                     
   194                           ;main.c: 55:     WriteI2C(0x4E,0x04);
   195  007F08  0E04               	movlw	4
   196  007F0A  6E03               	movwf	WriteI2C@Data^0,c
   197  007F0C  0E4E               	movlw	78
   198  007F0E  EC51  F03F         	call	_WriteI2C
   199  007F12                     
   200                           ;main.c: 56:     WriteI2C(0x4E,(0x04&~0x04));
   201  007F12  0E00               	movlw	0
   202  007F14  6E03               	movwf	WriteI2C@Data^0,c
   203  007F16  0E4E               	movlw	78
   204  007F18  EC51  F03F         	call	_WriteI2C
   205  007F1C                     
   206                           ;main.c: 57:     WriteI2C(0x4E,0x64);
   207  007F1C  0E64               	movlw	100
   208  007F1E  6E03               	movwf	WriteI2C@Data^0,c
   209  007F20  0E4E               	movlw	78
   210  007F22  EC51  F03F         	call	_WriteI2C
   211  007F26                     
   212                           ;main.c: 58:     WriteI2C(0x4E,(0x64&~0x04));
   213  007F26  0E60               	movlw	96
   214  007F28  6E03               	movwf	WriteI2C@Data^0,c
   215  007F2A  0E4E               	movlw	78
   216  007F2C  EC51  F03F         	call	_WriteI2C
   217  007F30                     
   218                           ;main.c: 60:     WriteI2C(0x4E,0x04);
   219  007F30  0E04               	movlw	4
   220  007F32  6E03               	movwf	WriteI2C@Data^0,c
   221  007F34  0E4E               	movlw	78
   222  007F36  EC51  F03F         	call	_WriteI2C
   223  007F3A                     
   224                           ;main.c: 61:     WriteI2C(0x4E,(0x04&~0x04));
   225  007F3A  0E00               	movlw	0
   226  007F3C  6E03               	movwf	WriteI2C@Data^0,c
   227  007F3E  0E4E               	movlw	78
   228  007F40  EC51  F03F         	call	_WriteI2C
   229  007F44                     
   230                           ;main.c: 62:     WriteI2C(0x4E,0xF4);
   231  007F44  0EF4               	movlw	244
   232  007F46  6E03               	movwf	WriteI2C@Data^0,c
   233  007F48  0E4E               	movlw	78
   234  007F4A  EC51  F03F         	call	_WriteI2C
   235  007F4E                     
   236                           ;main.c: 63:     WriteI2C(0x4E,(0xF4&~0x04));
   237  007F4E  0EF0               	movlw	240
   238  007F50  6E03               	movwf	WriteI2C@Data^0,c
   239  007F52  0E4E               	movlw	78
   240  007F54  EC51  F03F         	call	_WriteI2C
   241  007F58                     
   242                           ;main.c: 65:     WriteI2C(0x4E,0x24);
   243  007F58  0E24               	movlw	36
   244  007F5A  6E03               	movwf	WriteI2C@Data^0,c
   245  007F5C  0E4E               	movlw	78
   246  007F5E  EC51  F03F         	call	_WriteI2C
   247  007F62                     
   248                           ;main.c: 66:     WriteI2C(0x4E,(0x24&~0x04));
   249  007F62  0E20               	movlw	32
   250  007F64  6E03               	movwf	WriteI2C@Data^0,c
   251  007F66  0E4E               	movlw	78
   252  007F68  EC51  F03F         	call	_WriteI2C
   253  007F6C                     
   254                           ;main.c: 67:     WriteI2C(0x4E,0x84);
   255  007F6C  0E84               	movlw	132
   256  007F6E  6E03               	movwf	WriteI2C@Data^0,c
   257  007F70  0E4E               	movlw	78
   258  007F72  EC51  F03F         	call	_WriteI2C
   259  007F76                     
   260                           ;main.c: 68:     WriteI2C(0x4E,(0x84&~0x04));
   261  007F76  0E80               	movlw	128
   262  007F78  6E03               	movwf	WriteI2C@Data^0,c
   263  007F7A  0E4E               	movlw	78
   264  007F7C  EC51  F03F         	call	_WriteI2C
   265  007F80                     
   266                           ;main.c: 70:     WriteI2C(0x4E,0x04);
   267  007F80  0E04               	movlw	4
   268  007F82  6E03               	movwf	WriteI2C@Data^0,c
   269  007F84  0E4E               	movlw	78
   270  007F86  EC51  F03F         	call	_WriteI2C
   271  007F8A                     
   272                           ;main.c: 71:     WriteI2C(0x4E,(0x04&~0x04));
   273  007F8A  0E00               	movlw	0
   274  007F8C  6E03               	movwf	WriteI2C@Data^0,c
   275  007F8E  0E4E               	movlw	78
   276  007F90  EC51  F03F         	call	_WriteI2C
   277  007F94                     
   278                           ;main.c: 72:     WriteI2C(0x4E,0x14);
   279  007F94  0E14               	movlw	20
   280  007F96  6E03               	movwf	WriteI2C@Data^0,c
   281  007F98  0E4E               	movlw	78
   282  007F9A  EC51  F03F         	call	_WriteI2C
   283  007F9E                     
   284                           ;main.c: 73:     WriteI2C(0x4E,(0x14&~0x04));
   285  007F9E  0E10               	movlw	16
   286  007FA0  6E03               	movwf	WriteI2C@Data^0,c
   287  007FA2  0E4E               	movlw	78
   288  007FA4  EC51  F03F         	call	_WriteI2C
   289  007FA8                     
   290                           ;main.c: 75:     WriteI2C(0x4E,0x45);
   291  007FA8  0E45               	movlw	69
   292  007FAA  6E03               	movwf	WriteI2C@Data^0,c
   293  007FAC  0E4E               	movlw	78
   294  007FAE  EC51  F03F         	call	_WriteI2C
   295  007FB2                     
   296                           ;main.c: 76:     WriteI2C(0x4E,(0x45&~0x04));
   297  007FB2  0E41               	movlw	65
   298  007FB4  6E03               	movwf	WriteI2C@Data^0,c
   299  007FB6  0E4E               	movlw	78
   300  007FB8  EC51  F03F         	call	_WriteI2C
   301  007FBC                     
   302                           ;main.c: 77:     WriteI2C(0x4E,0x65);
   303  007FBC  0E65               	movlw	101
   304  007FBE  6E03               	movwf	WriteI2C@Data^0,c
   305  007FC0  0E4E               	movlw	78
   306  007FC2  EC51  F03F         	call	_WriteI2C
   307  007FC6                     
   308                           ;main.c: 78:     WriteI2C(0x4E,(0x65&~0x04));
   309  007FC6  0E61               	movlw	97
   310  007FC8  6E03               	movwf	WriteI2C@Data^0,c
   311  007FCA  0E4E               	movlw	78
   312  007FCC  EC51  F03F         	call	_WriteI2C
   313  007FD0                     
   314                           ;main.c: 80:     WriteI2C(0x4E,0x04);
   315  007FD0  0E04               	movlw	4
   316  007FD2  6E03               	movwf	WriteI2C@Data^0,c
   317  007FD4  0E4E               	movlw	78
   318  007FD6  EC51  F03F         	call	_WriteI2C
   319  007FDA                     
   320                           ;main.c: 81:     WriteI2C(0x4E,(0x04&~0x04));
   321  007FDA  0E00               	movlw	0
   322  007FDC  6E03               	movwf	WriteI2C@Data^0,c
   323  007FDE  0E4E               	movlw	78
   324  007FE0  EC51  F03F         	call	_WriteI2C
   325  007FE4                     
   326                           ;main.c: 82:     WriteI2C(0x4E,0xE4);
   327  007FE4  0EE4               	movlw	228
   328  007FE6  6E03               	movwf	WriteI2C@Data^0,c
   329  007FE8  0E4E               	movlw	78
   330  007FEA  EC51  F03F         	call	_WriteI2C
   331  007FEE                     
   332                           ;main.c: 83:     WriteI2C(0x4E,(0xE4&~0x04));
   333  007FEE  0EE0               	movlw	224
   334  007FF0  6E03               	movwf	WriteI2C@Data^0,c
   335  007FF2  0E4E               	movlw	78
   336  007FF4  EC51  F03F         	call	_WriteI2C
   337  007FF8                     l53:
   338  007FF8  EFFC  F03F         	goto	l53
   339  007FFC  EF00  F000         	goto	start
   340  008000                     __end_of_main:
   341                           	opt callstack 0
   342                           
   343 ;; *************** function _settings *****************
   344 ;; Defined at:
   345 ;;		line 89 in file "main.c"
   346 ;; Parameters:    Size  Location     Type
   347 ;;		None
   348 ;; Auto vars:     Size  Location     Type
   349 ;;		None
   350 ;; Return value:  Size  Location     Type
   351 ;;                  1    wreg      void 
   352 ;; Registers used:
   353 ;;		wreg, status,2
   354 ;; Tracked objects:
   355 ;;		On entry : 0/0
   356 ;;		On exit  : 0/0
   357 ;;		Unchanged: 0/0
   358 ;; Data sizes:     COMRAM   BANK0   BANK1   BANK2   BANK3   BANK4   BANK5   BANK6   BANK7
   359 ;;      Params:         0       0       0       0       0       0       0       0       0
   360 ;;      Locals:         0       0       0       0       0       0       0       0       0
   361 ;;      Temps:          0       0       0       0       0       0       0       0       0
   362 ;;      Totals:         0       0       0       0       0       0       0       0       0
   363 ;;Total ram usage:        0 bytes
   364 ;; Hardware stack levels used:    1
   365 ;; This function calls:
   366 ;;		Nothing
   367 ;; This function is called by:
   368 ;;		_main
   369 ;; This function uses a non-reentrant model
   370 ;;
   371                           
   372                           	psect	text1
   373  007E5E                     __ptext1:
   374                           	opt callstack 0
   375  007E5E                     _settings:
   376                           	opt callstack 30
   377  007E5E                     
   378                           ;main.c: 90:     OSCCON = 0x72;
   379  007E5E  0E72               	movlw	114
   380  007E60  6ED3               	movwf	211,c	;volatile
   381                           
   382                           ;main.c: 91:     ADCON1 = 0x0F;
   383  007E62  0E0F               	movlw	15
   384  007E64  6EC1               	movwf	193,c	;volatile
   385  007E66                     
   386                           ;main.c: 93:     TRISBbits.RB0 = 1;
   387  007E66  8093               	bsf	147,0,c	;volatile
   388  007E68                     
   389                           ;main.c: 94:     TRISBbits.RB1 = 1;
   390  007E68  8293               	bsf	147,1,c	;volatile
   391                           
   392                           ;main.c: 95:     SSPSTAT = 0x80;
   393  007E6A  0E80               	movlw	128
   394  007E6C  6EC7               	movwf	199,c	;volatile
   395                           
   396                           ;main.c: 96:     SSPCON1 = 0x28;
   397  007E6E  0E28               	movlw	40
   398  007E70  6EC6               	movwf	198,c	;volatile
   399                           
   400                           ;main.c: 97:     SSPCON2 = 0;
   401  007E72  0E00               	movlw	0
   402  007E74  6EC5               	movwf	197,c	;volatile
   403                           
   404                           ;main.c: 98:     SSPADD = 0x13;
   405  007E76  0E13               	movlw	19
   406  007E78  6EC8               	movwf	200,c	;volatile
   407  007E7A  0012               	return		;funcret
   408  007E7C                     __end_of_settings:
   409                           	opt callstack 0
   410                           
   411 ;; *************** function _WriteI2C *****************
   412 ;; Defined at:
   413 ;;		line 112 in file "main.c"
   414 ;; Parameters:    Size  Location     Type
   415 ;;  Address         1    wreg     unsigned char 
   416 ;;  Data            1    2[COMRAM] unsigned char 
   417 ;; Auto vars:     Size  Location     Type
   418 ;;  Address         1    5[COMRAM] unsigned char 
   419 ;; Return value:  Size  Location     Type
   420 ;;                  1    wreg      void 
   421 ;; Registers used:
   422 ;;		wreg, status,2, status,0, cstack
   423 ;; Tracked objects:
   424 ;;		On entry : 0/0
   425 ;;		On exit  : 0/0
   426 ;;		Unchanged: 0/0
   427 ;; Data sizes:     COMRAM   BANK0   BANK1   BANK2   BANK3   BANK4   BANK5   BANK6   BANK7
   428 ;;      Params:         1       0       0       0       0       0       0       0       0
   429 ;;      Locals:         1       0       0       0       0       0       0       0       0
   430 ;;      Temps:          2       0       0       0       0       0       0       0       0
   431 ;;      Totals:         4       0       0       0       0       0       0       0       0
   432 ;;Total ram usage:        4 bytes
   433 ;; Hardware stack levels used:    1
   434 ;; Hardware stack levels required when called:    2
   435 ;; This function calls:
   436 ;;		_SendI2C
   437 ;;		_StartI2C
   438 ;;		_StopI2C
   439 ;; This function is called by:
   440 ;;		_main
   441 ;; This function uses a non-reentrant model
   442 ;;
   443                           
   444                           	psect	text2
   445  007EA2                     __ptext2:
   446                           	opt callstack 0
   447  007EA2                     _WriteI2C:
   448                           	opt callstack 28
   449                           
   450                           ;incstack = 0
   451                           ;WriteI2C@Address stored from wreg
   452  007EA2  6E06               	movwf	WriteI2C@Address^0,c
   453  007EA4                     
   454                           ;main.c: 113:     StartI2C();
   455  007EA4  EC1C  F03F         	call	_StartI2C	;wreg free
   456                           
   457                           ;main.c: 114:     SendI2C(Address);
   458  007EA8  5006               	movf	WriteI2C@Address^0,w,c
   459  007EAA  EC29  F03F         	call	_SendI2C
   460                           
   461                           ;main.c: 115:     SendI2C(Data);
   462  007EAE  5003               	movf	WriteI2C@Data^0,w,c
   463  007EB0  EC29  F03F         	call	_SendI2C
   464                           
   465                           ;main.c: 116:     StopI2C();
   466  007EB4  EC20  F03F         	call	_StopI2C	;wreg free
   467  007EB8                     
   468                           ;main.c: 117:     _delay((unsigned long)((100)*(8000000/4000.0)));
   469  007EB8  0E02               	movlw	2
   470  007EBA  6E05               	movwf	(??_WriteI2C+1)^0,c
   471  007EBC  0E04               	movlw	4
   472  007EBE  6E04               	movwf	??_WriteI2C^0,c
   473  007EC0  0EBA               	movlw	186
   474  007EC2                     u77:
   475  007EC2  2EE8               	decfsz	wreg,f,c
   476  007EC4  D7FE               	bra	u77
   477  007EC6  2E04               	decfsz	??_WriteI2C^0,f,c
   478  007EC8  D7FC               	bra	u77
   479  007ECA  2E05               	decfsz	(??_WriteI2C+1)^0,f,c
   480  007ECC  D7FA               	bra	u77
   481  007ECE  D000               	nop2	
   482  007ED0  0012               	return		;funcret
   483  007ED2                     __end_of_WriteI2C:
   484                           	opt callstack 0
   485                           
   486 ;; *************** function _StopI2C *****************
   487 ;; Defined at:
   488 ;;		line 134 in file "main.c"
   489 ;; Parameters:    Size  Location     Type
   490 ;;		None
   491 ;; Auto vars:     Size  Location     Type
   492 ;;		None
   493 ;; Return value:  Size  Location     Type
   494 ;;                  1    wreg      void 
   495 ;; Registers used:
   496 ;;		wreg, status,2, status,0, cstack
   497 ;; Tracked objects:
   498 ;;		On entry : 0/0
   499 ;;		On exit  : 0/0
   500 ;;		Unchanged: 0/0
   501 ;; Data sizes:     COMRAM   BANK0   BANK1   BANK2   BANK3   BANK4   BANK5   BANK6   BANK7
   502 ;;      Params:         0       0       0       0       0       0       0       0       0
   503 ;;      Locals:         0       0       0       0       0       0       0       0       0
   504 ;;      Temps:          0       0       0       0       0       0       0       0       0
   505 ;;      Totals:         0       0       0       0       0       0       0       0       0
   506 ;;Total ram usage:        0 bytes
   507 ;; Hardware stack levels used:    1
   508 ;; Hardware stack levels required when called:    1
   509 ;; This function calls:
   510 ;;		_ReadyI2C
   511 ;; This function is called by:
   512 ;;		_WriteI2C
   513 ;;		_ReadI2C
   514 ;; This function uses a non-reentrant model
   515 ;;
   516                           
   517                           	psect	text3
   518  007E40                     __ptext3:
   519                           	opt callstack 0
   520  007E40                     _StopI2C:
   521                           	opt callstack 28
   522  007E40                     
   523                           ;main.c: 135:     ReadyI2C();
   524  007E40  EC3E  F03F         	call	_ReadyI2C	;wreg free
   525  007E44                     
   526                           ;main.c: 136:     PEN = 1;
   527  007E44  84C5               	bsf	4037,2,c	;volatile
   528  007E46  0012               	return		;funcret
   529  007E48                     __end_of_StopI2C:
   530                           	opt callstack 0
   531                           
   532 ;; *************** function _StartI2C *****************
   533 ;; Defined at:
   534 ;;		line 120 in file "main.c"
   535 ;; Parameters:    Size  Location     Type
   536 ;;		None
   537 ;; Auto vars:     Size  Location     Type
   538 ;;		None
   539 ;; Return value:  Size  Location     Type
   540 ;;                  1    wreg      void 
   541 ;; Registers used:
   542 ;;		wreg, status,2, status,0, cstack
   543 ;; Tracked objects:
   544 ;;		On entry : 0/0
   545 ;;		On exit  : 0/0
   546 ;;		Unchanged: 0/0
   547 ;; Data sizes:     COMRAM   BANK0   BANK1   BANK2   BANK3   BANK4   BANK5   BANK6   BANK7
   548 ;;      Params:         0       0       0       0       0       0       0       0       0
   549 ;;      Locals:         0       0       0       0       0       0       0       0       0
   550 ;;      Temps:          0       0       0       0       0       0       0       0       0
   551 ;;      Totals:         0       0       0       0       0       0       0       0       0
   552 ;;Total ram usage:        0 bytes
   553 ;; Hardware stack levels used:    1
   554 ;; Hardware stack levels required when called:    1
   555 ;; This function calls:
   556 ;;		_ReadyI2C
   557 ;; This function is called by:
   558 ;;		_WriteI2C
   559 ;;		_ReadI2C
   560 ;; This function uses a non-reentrant model
   561 ;;
   562                           
   563                           	psect	text4
   564  007E38                     __ptext4:
   565                           	opt callstack 0
   566  007E38                     _StartI2C:
   567                           	opt callstack 28
   568  007E38                     
   569                           ;main.c: 121:     ReadyI2C();
   570  007E38  EC3E  F03F         	call	_ReadyI2C	;wreg free
   571  007E3C                     
   572                           ;main.c: 122:     SEN = 1;
   573  007E3C  80C5               	bsf	4037,0,c	;volatile
   574  007E3E  0012               	return		;funcret
   575  007E40                     __end_of_StartI2C:
   576                           	opt callstack 0
   577                           
   578 ;; *************** function _SendI2C *****************
   579 ;; Defined at:
   580 ;;		line 129 in file "main.c"
   581 ;; Parameters:    Size  Location     Type
   582 ;;  data            1    wreg     unsigned char 
   583 ;; Auto vars:     Size  Location     Type
   584 ;;  data            1    1[COMRAM] unsigned char 
   585 ;; Return value:  Size  Location     Type
   586 ;;                  1    wreg      void 
   587 ;; Registers used:
   588 ;;		wreg, status,2, status,0, cstack
   589 ;; Tracked objects:
   590 ;;		On entry : 0/0
   591 ;;		On exit  : 0/0
   592 ;;		Unchanged: 0/0
   593 ;; Data sizes:     COMRAM   BANK0   BANK1   BANK2   BANK3   BANK4   BANK5   BANK6   BANK7
   594 ;;      Params:         0       0       0       0       0       0       0       0       0
   595 ;;      Locals:         1       0       0       0       0       0       0       0       0
   596 ;;      Temps:          0       0       0       0       0       0       0       0       0
   597 ;;      Totals:         1       0       0       0       0       0       0       0       0
   598 ;;Total ram usage:        1 bytes
   599 ;; Hardware stack levels used:    1
   600 ;; Hardware stack levels required when called:    1
   601 ;; This function calls:
   602 ;;		_ReadyI2C
   603 ;; This function is called by:
   604 ;;		_WriteI2C
   605 ;;		_ReadI2C
   606 ;; This function uses a non-reentrant model
   607 ;;
   608                           
   609                           	psect	text5
   610  007E52                     __ptext5:
   611                           	opt callstack 0
   612  007E52                     _SendI2C:
   613                           	opt callstack 28
   614                           
   615                           ;incstack = 0
   616                           ;SendI2C@data stored from wreg
   617  007E52  6E02               	movwf	SendI2C@data^0,c
   618  007E54                     
   619                           ;main.c: 130:     ReadyI2C();
   620  007E54  EC3E  F03F         	call	_ReadyI2C	;wreg free
   621  007E58                     
   622                           ;main.c: 131:     SSPBUF = data;
   623  007E58  C002  FFC9         	movff	SendI2C@data,4041	;volatile
   624  007E5C  0012               	return		;funcret
   625  007E5E                     __end_of_SendI2C:
   626                           	opt callstack 0
   627                           
   628 ;; *************** function _ReadyI2C *****************
   629 ;; Defined at:
   630 ;;		line 125 in file "main.c"
   631 ;; Parameters:    Size  Location     Type
   632 ;;		None
   633 ;; Auto vars:     Size  Location     Type
   634 ;;		None
   635 ;; Return value:  Size  Location     Type
   636 ;;                  1    wreg      void 
   637 ;; Registers used:
   638 ;;		wreg, status,2, status,0
   639 ;; Tracked objects:
   640 ;;		On entry : 0/0
   641 ;;		On exit  : 0/0
   642 ;;		Unchanged: 0/0
   643 ;; Data sizes:     COMRAM   BANK0   BANK1   BANK2   BANK3   BANK4   BANK5   BANK6   BANK7
   644 ;;      Params:         0       0       0       0       0       0       0       0       0
   645 ;;      Locals:         0       0       0       0       0       0       0       0       0
   646 ;;      Temps:          1       0       0       0       0       0       0       0       0
   647 ;;      Totals:         1       0       0       0       0       0       0       0       0
   648 ;;Total ram usage:        1 bytes
   649 ;; Hardware stack levels used:    1
   650 ;; This function calls:
   651 ;;		Nothing
   652 ;; This function is called by:
   653 ;;		_StartI2C
   654 ;;		_SendI2C
   655 ;;		_StopI2C
   656 ;;		_RepeatedStartI2C
   657 ;;		_ReceiveI2C
   658 ;; This function uses a non-reentrant model
   659 ;;
   660                           
   661                           	psect	text6
   662  007E7C                     __ptext6:
   663                           	opt callstack 0
   664  007E7C                     _ReadyI2C:
   665                           	opt callstack 28
   666  007E7C                     l769:
   667  007E7C  CFC5 F001          	movff	4037,??_ReadyI2C	;volatile
   668  007E80  0E1F               	movlw	31
   669  007E82  1601               	andwf	??_ReadyI2C^0,f,c
   670  007E84  A4D8               	btfss	status,2,c
   671  007E86  EF47  F03F         	goto	u11
   672  007E8A  EF49  F03F         	goto	u10
   673  007E8E                     u11:
   674  007E8E  EF3E  F03F         	goto	l769
   675  007E92                     u10:
   676  007E92  B4C7               	btfsc	199,2,c	;volatile
   677  007E94  EF4E  F03F         	goto	u21
   678  007E98  EF50  F03F         	goto	u20
   679  007E9C                     u21:
   680  007E9C  EF3E  F03F         	goto	l769
   681  007EA0                     u20:
   682  007EA0  0012               	return		;funcret
   683  007EA2                     __end_of_ReadyI2C:
   684                           	opt callstack 0
   685  0000                     
   686                           	psect	rparam
   687  0000                     tosu	equ	0xFFF
   688                           tosh	equ	0xFFE
   689                           tosl	equ	0xFFD
   690                           stkptr	equ	0xFFC
   691                           pclatu	equ	0xFFB
   692                           pclath	equ	0xFFA
   693                           pcl	equ	0xFF9
   694                           tblptru	equ	0xFF8
   695                           tblptrh	equ	0xFF7
   696                           tblptrl	equ	0xFF6
   697                           tablat	equ	0xFF5
   698                           prodh	equ	0xFF4
   699                           prodl	equ	0xFF3
   700                           indf0	equ	0xFEF
   701                           postinc0	equ	0xFEE
   702                           postdec0	equ	0xFED
   703                           preinc0	equ	0xFEC
   704                           plusw0	equ	0xFEB
   705                           fsr0h	equ	0xFEA
   706                           fsr0l	equ	0xFE9
   707                           wreg	equ	0xFE8
   708                           indf1	equ	0xFE7
   709                           postinc1	equ	0xFE6
   710                           postdec1	equ	0xFE5
   711                           preinc1	equ	0xFE4
   712                           plusw1	equ	0xFE3
   713                           fsr1h	equ	0xFE2
   714                           fsr1l	equ	0xFE1
   715                           bsr	equ	0xFE0
   716                           indf2	equ	0xFDF
   717                           postinc2	equ	0xFDE
   718                           postdec2	equ	0xFDD
   719                           preinc2	equ	0xFDC
   720                           plusw2	equ	0xFDB
   721                           fsr2h	equ	0xFDA
   722                           fsr2l	equ	0xFD9
   723                           status	equ	0xFD8


Data Sizes:
    Strings     0
    Constant    0
    Data        0
    BSS         2
    Persistent  0
    Stack       0

Auto Spaces:
    Space          Size  Autos    Used
    COMRAM           95      6       8
    BANK0           160      0       0
    BANK1           256      0       0
    BANK2           256      0       0
    BANK3           256      0       0
    BANK4           256      0       0
    BANK5           256      0       0
    BANK6           256      0       0
    BANK7           256      0       0

Pointer List with Targets:

    None.

Critical Paths under _main in COMRAM

    _main->_WriteI2C
    _WriteI2C->_SendI2C
    _StopI2C->_ReadyI2C
    _StartI2C->_ReadyI2C
    _SendI2C->_ReadyI2C

Critical Paths under _main in BANK0

    None.

Critical Paths under _main in BANK1

    None.

Critical Paths under _main in BANK2

    None.

Critical Paths under _main in BANK3

    None.

Critical Paths under _main in BANK4

    None.

Critical Paths under _main in BANK5

    None.

Critical Paths under _main in BANK6

    None.

Critical Paths under _main in BANK7

    None.

Call Graph Tables:

 ---------------------------------------------------------------------------------
 (Depth) Function   	        Calls       Base Space   Used Autos Params    Refs
 ---------------------------------------------------------------------------------
 (0) _main                                                 0     0      0    2263
                           _WriteI2C
                           _settings
 ---------------------------------------------------------------------------------
 (1) _settings                                             0     0      0       0
 ---------------------------------------------------------------------------------
 (1) _WriteI2C                                             4     3      1    2263
                                              2 COMRAM     4     3      1
                            _SendI2C
                           _StartI2C
                            _StopI2C
 ---------------------------------------------------------------------------------
 (2) _StopI2C                                              0     0      0       0
                           _ReadyI2C
 ---------------------------------------------------------------------------------
 (2) _StartI2C                                             0     0      0       0
                           _ReadyI2C
 ---------------------------------------------------------------------------------
 (2) _SendI2C                                              1     1      0      15
                                              1 COMRAM     1     1      0
                           _ReadyI2C
 ---------------------------------------------------------------------------------
 (3) _ReadyI2C                                             1     1      0       0
                                              0 COMRAM     1     1      0
 ---------------------------------------------------------------------------------
 Estimated maximum stack depth 3
 ---------------------------------------------------------------------------------

 Call Graph Graphs:

 _main (ROOT)
   _WriteI2C
     _SendI2C
       _ReadyI2C
     _StartI2C
       _ReadyI2C
     _StopI2C
       _ReadyI2C
   _settings

 Address spaces:
Name               Size   Autos  Total    Cost      Usage
BIGRAM             7FF      0       0      21        0.0%
EEDATA             100      0       0       0        0.0%
BITBANK7           100      0       0      18        0.0%
BANK7              100      0       0      19        0.0%
BITBANK6           100      0       0      16        0.0%
BANK6              100      0       0      17        0.0%
BITBANK5           100      0       0      14        0.0%
BANK5              100      0       0      15        0.0%
BITBANK4           100      0       0      12        0.0%
BANK4              100      0       0      13        0.0%
BITBANK3           100      0       0      10        0.0%
BANK3              100      0       0      11        0.0%
BITBANK2           100      0       0       8        0.0%
BANK2              100      0       0       9        0.0%
BITBANK1           100      0       0       6        0.0%
BANK1              100      0       0       7        0.0%
BITBANK0            A0      0       0       4        0.0%
BANK0               A0      0       0       5        0.0%
BITCOMRAM           5F      0       0       0        0.0%
COMRAM              5F      6       8       1        8.4%
BITSFR               0      0       0     200        0.0%
SFR                  0      0       0     200        0.0%
STACK                0      0       0       2        0.0%
NULL                 0      0       0       0        0.0%
ABS                  0      0       8      20        0.0%
DATA                 0      0       8       3        0.0%
CODE                 0      0       0       0        0.0%


Microchip Technology PIC18 Macro Assembler V2.10 build 88905656 
Symbol Table                                                                                   Fri Jun 04 17:45:55 2021

                      _i 0007                       l53 7FF8                       l62 7ED0  
                     l54 7FF8                       l71 7EA0                       l65 7E3E  
                     l74 7E5C                       l59 7E7A                       l77 7E46  
                     u10 7E92                       u11 7E8E                       u20 7EA0  
                     u21 7E9C                       u77 7EC2                      l901 7ED2  
                    l911 7EFE                      l903 7ED6                      l921 7F30  
                    l913 7F08                      l905 7EE0                      l771 7E92  
                    l931 7F62                      l923 7F3A                      l915 7F12  
                    l907 7EEA                      l773 7E38                      l781 7E40  
                    l941 7F94                      l933 7F6C                      l925 7F44  
                    l917 7F1C                      l909 7EF4                      l767 7E7C  
                    l775 7E3C                      l783 7E44                      l951 7FC6  
                    l943 7F9E                      l935 7F76                      l927 7F4E  
                    l919 7F26                      l769 7E7C                      l777 7E54  
                    l785 7E5E                      l953 7FD0                      l945 7FA8  
                    l937 7F80                      l929 7F58                      l779 7E58  
                    l787 7E66                      l955 7FDA                      l947 7FB2  
                    l939 7F8A                      l789 7E68                      l957 7FE4  
                    l949 7FBC                      l959 7FEE                      l897 7EA4  
                    l899 7EB8                      _PEN 007E2A                      _SEN 007E28  
                    wreg 000FE8             __CFG_LVP$OFF 000000             __CFG_WDT$OFF 000000  
                   _RCEN 007E2B                     _RSEN 007E29                     _main 7ED2  
                   start 0000             ___param_bank 000000          __end_of_SendI2C 7E5E  
        __end_of_StopI2C 7E48                    ?_main 0001                    _ACKEN 007E2C  
                  _ACKDT 007E2D                    status 000FD8          __initialization 7E48  
           __end_of_main 8000         __end_of_ReadyI2C 7EA2                   ??_main 0007  
          __activetblptr 000000              SendI2C@data 0002         __end_of_StartI2C 7E40  
                 _ADCON1 000FC1         __end_of_WriteI2C 7ED2                   _OSCCON 000FD3  
                 _SSPADD 000FC8                   _SSPBUF 000FC9                ??_SendI2C 0002  
              ??_StopI2C 0002             WriteI2C@Data 0003         __end_of_settings 7E7C  
             __accesstop 0060  __end_of__initialization 7E4C            ___rparam_used 000001  
         __pcstackCOMRAM 0001                ?_ReadyI2C 0001                ?_StartI2C 0001  
              ?_WriteI2C 0003                  _SSPCON1 000FC6                  _SSPCON2 000FC5  
                _SSPSTAT 000FC7               ??_ReadyI2C 0001                  _SendI2C 7E52  
                __Hparam 0000                  __Lparam 0000                  _StopI2C 7E40  
              ?_settings 0001               ??_StartI2C 0002                  __pcinit 7E48  
             ??_WriteI2C 0004                  __ramtop 0800                  __ptext0 7ED2  
                __ptext1 7E5E                  __ptext2 7EA2                  __ptext3 7E40  
                __ptext4 7E38                  __ptext5 7E52                  __ptext6 7E7C  
   end_of_initialization 7E4C               ??_settings 0001                _TRISBbits 000F93  
    start_initialization 7E48        __size_of_ReadyI2C 0026        __size_of_StartI2C 0008  
      __size_of_WriteI2C 0030              __pbssCOMRAM 0007                 ?_SendI2C 0001  
               ?_StopI2C 0001        __size_of_settings 001E          WriteI2C@Address 0006  
               _ReadyI2C 7E7C                 __Hrparam 0000         __size_of_SendI2C 000C  
               __Lrparam 0000                 _StartI2C 7E38         __size_of_StopI2C 0008  
               _WriteI2C 7EA2            __size_of_main 012E                 _settings 7E5E  
    __CFG_FOSC$INTOSC_HS 000000  
