

Microchip MPLAB XC8 Assembler V2.10 build 88905656 
                                                                                               Fri Mar 05 20:40:10 2021

Microchip MPLAB XC8 C Compiler v2.10 (Free license) build 20190730164152 Og1 
     1                           	processor	18F4550
     2                           	fnconf	rparam,??,?,0
     3                           	opt	pw 120
     4                           	opt	flic
     5                           	psect	nvCOMRAM,global,class=COMRAM,space=1,delta=1,noexec
     6                           	psect	cinit,global,reloc=2,class=CODE,delta=1
     7                           	psect	bssCOMRAM,global,class=COMRAM,space=1,delta=1,noexec
     8                           	psect	cstackCOMRAM,global,class=COMRAM,space=1,delta=1,noexec
     9                           	psect	text0,global,reloc=2,class=CODE,delta=1
    10                           	psect	text1,global,reloc=2,class=CODE,delta=1
    11                           	psect	intcode,global,reloc=2,class=CODE,delta=1
    12                           	psect	intcode_body,global,reloc=2,class=CODE,delta=1
    13                           	psect	intsave_regs,global,class=BIGRAM,space=1,delta=1,noexec
    14                           	psect	rparam,global,class=COMRAM,space=1,delta=1,noexec
    15                           	psect	temp,global,ovrld,common,class=COMRAM,space=1,delta=1
    16  0000                     
    17                           ; Version 2.10
    18                           ; Generated 31/07/2019 GMT
    19                           ; 
    20                           ; Copyright © 2019, Microchip Technology Inc. and its subsidiaries ("Microchip")
    21                           ; All rights reserved.
    22                           ; 
    23                           ; This software is developed by Microchip Technology Inc. and its subsidiaries ("Microch
      +                          ip").
    24                           ; 
    25                           ; Redistribution and use in source and binary forms, with or without modification, are
    26                           ; permitted provided that the following conditions are met:
    27                           ; 
    28                           ;     1. Redistributions of source code must retain the above copyright notice, this lis
      +                          t of
    29                           ;        conditions and the following disclaimer.
    30                           ; 
    31                           ;     2. Redistributions in binary form must reproduce the above copyright notice, this 
      +                          list
    32                           ;        of conditions and the following disclaimer in the documentation and/or other
    33                           ;        materials provided with the distribution.
    34                           ; 
    35                           ;     3. Microchip's name may not be used to endorse or promote products derived from th
      +                          is
    36                           ;        software without specific prior written permission.
    37                           ; 
    38                           ; THIS SOFTWARE IS PROVIDED BY MICROCHIP "AS IS" AND ANY EXPRESS OR IMPLIED WARRANTIES,
    39                           ; INCLUDING, BUT NOT LIMITED TO, THE IMPLIED WARRANTIES OF MERCHANTABILITY AND FITNESS F
      +                          OR
    40                           ; PURPOSE ARE DISCLAIMED.  IN NO EVENT SHALL MICROCHIP BE LIABLE FOR ANY DIRECT, INDIREC
      +                          T,
    41                           ; INCIDENTAL, SPECIAL, EXEMPLARY, OR CONSEQUENTIAL DAMAGES (INCLUDING BUT NOT LIMITED TO
    42                           ; PROCUREMENT OF SUBSTITUTE GOODS OR SERVICES; LOSS OF USE, DATA OR PROFITS; OR BUSINESS
    43                           ; INTERRUPTION) HOWSOEVER CAUSED AND ON ANY THEORY OF LIABILITY, WHETHER IN CONTRACT, ST
      +                          RICT
    44                           ; LIABILITY, OR TORT (INCLUDING NEGLIGENCE OR OTHERWISE) ARISING IN ANY WAY OUT OF THE U
      +                          SE OF
    45                           ; THIS SOFTWARE, EVEN IF ADVISED OF THE POSSIBILITY OF SUCH DAMAGE.
    46                           ; 
    47                           ; 
    48                           ; Code-generator required, PIC18F4550 Definitions
    49                           ; 
    50                           ; SFR Addresses
    51  0000                     
    52                           	psect	nvCOMRAM
    53  000003                     __pnvCOMRAM:
    54                           	opt callstack 0
    55  000003                     _byte:
    56                           	opt callstack 0
    57  000003                     	ds	1
    58  0000                     _PORTC	set	3970
    59  0000                     _SSPSTATbits	set	4039
    60  0000                     _SSPBUF	set	4041
    61  0000                     _SSPCON1bits	set	4038
    62  0000                     _SSPCON2	set	4037
    63  0000                     _SSPCON1	set	4038
    64  0000                     _SSPADD	set	4040
    65  0000                     _SSPSTAT	set	4039
    66  0000                     _TRISBbits	set	3987
    67  0000                     _TRISD	set	3989
    68  0000                     _ADCON1	set	4033
    69  0000                     _OSCCON	set	4051
    70  0000                     _LATD	set	3980
    71  0000                     _SSPM3	set	32307
    72  0000                     _BF	set	32312
    73  0000                     _SSPIF	set	31987
    74  0000                     _SSPIE	set	31979
    75  0000                     _PEIE	set	32662
    76  0000                     _GIE	set	32663
    77                           
    78                           ; #config settings
    79  0000                     
    80                           	psect	cinit
    81  00012A                     __pcinit:
    82                           	opt callstack 0
    83  00012A                     start_initialization:
    84                           	opt callstack 0
    85  00012A                     __initialization:
    86                           	opt callstack 0
    87                           
    88                           ; Clear objects allocated to COMRAM (2 bytes)
    89  00012A  6A02               	clrf	(__pbssCOMRAM+1)& (0+255),c
    90  00012C  6A01               	clrf	__pbssCOMRAM& (0+255),c
    91  00012E                     end_of_initialization:
    92                           	opt callstack 0
    93  00012E                     __end_of__initialization:
    94                           	opt callstack 0
    95  00012E  9004               	bcf	int$flags,0,c	;clear compiler interrupt flag (level 1)
    96  000130  9204               	bcf	int$flags,1,c	;clear compiler interrupt flag (level 2)
    97  000132  0100               	movlb	0
    98  000134  EF60  F000         	goto	_main	;jump to C main() function
    99                           
   100                           	psect	bssCOMRAM
   101  000001                     __pbssCOMRAM:
   102                           	opt callstack 0
   103  000001                     _mibuffer:
   104                           	opt callstack 0
   105  000001                     	ds	1
   106  000002                     _buffer:
   107                           	opt callstack 0
   108  000002                     	ds	1
   109                           
   110                           	psect	cstackCOMRAM
   111  000000                     __pcstackCOMRAM:
   112                           	opt callstack 0
   113  000000                     
   114                           ; 1 bytes @ 0x0
   115 ;;
   116 ;;Main: autosize = 0, tempsize = 0, incstack = 0, save=0
   117 ;;
   118 ;; *************** function _main *****************
   119 ;; Defined at:
   120 ;;		line 23 in file "main.c"
   121 ;; Parameters:    Size  Location     Type
   122 ;;		None
   123 ;; Auto vars:     Size  Location     Type
   124 ;;		None
   125 ;; Return value:  Size  Location     Type
   126 ;;                  1    wreg      void 
   127 ;; Registers used:
   128 ;;		wreg, status,2, status,0, cstack
   129 ;; Tracked objects:
   130 ;;		On entry : 0/0
   131 ;;		On exit  : 0/0
   132 ;;		Unchanged: 0/0
   133 ;; Data sizes:     COMRAM   BANK0   BANK1   BANK2   BANK3   BANK4   BANK5   BANK6   BANK7
   134 ;;      Params:         0       0       0       0       0       0       0       0       0
   135 ;;      Locals:         0       0       0       0       0       0       0       0       0
   136 ;;      Temps:          0       0       0       0       0       0       0       0       0
   137 ;;      Totals:         0       0       0       0       0       0       0       0       0
   138 ;;Total ram usage:        0 bytes
   139 ;; Hardware stack levels required when called:    2
   140 ;; This function calls:
   141 ;;		_settings
   142 ;; This function is called by:
   143 ;;		Startup code after reset
   144 ;; This function uses a non-reentrant model
   145 ;;
   146                           
   147                           	psect	text0
   148  0000C0                     __ptext0:
   149                           	opt callstack 0
   150  0000C0                     _main:
   151                           	opt callstack 29
   152  0000C0                     
   153                           ;main.c: 24:     LATD = 0x00;
   154  0000C0  EC7E  F000         	call	_settings	;wreg free
   155  0000C4                     l774:
   156                           
   157                           ;main.c: 26:     TRISBbits.RB1 = 1;
   158  0000C4  C001  F003         	movff	_mibuffer,_byte
   159  0000C8                     
   160                           ;main.c: 27:     SSPSTAT = 0x80;
   161  0000C8  0403               	decf	_byte^0,w,c
   162  0000CA  A4D8               	btfss	status,2,c
   163  0000CC  EF6A  F000         	goto	u11
   164  0000D0  EF6C  F000         	goto	u10
   165  0000D4                     u11:
   166  0000D4  EF70  F000         	goto	l780
   167  0000D8                     u10:
   168  0000D8                     
   169                           ;main.c: 28:     SSPADD = 0x30;
   170  0000D8  0E80               	movlw	128
   171  0000DA  6E8C               	movwf	140,c	;volatile
   172                           
   173                           ;main.c: 29:     SSPCON1 = 0x36;
   174  0000DC  EF62  F000         	goto	l774
   175  0000E0                     l780:
   176  0000E0  5003               	movf	_byte^0,w,c
   177  0000E2  A4D8               	btfss	status,2,c
   178  0000E4  EF76  F000         	goto	u21
   179  0000E8  EF78  F000         	goto	u20
   180  0000EC                     u21:
   181  0000EC  EF62  F000         	goto	l774
   182  0000F0                     u20:
   183  0000F0                     
   184                           ;main.c: 30:     SSPCON2 = 0x01;
   185  0000F0  0E00               	movlw	0
   186  0000F2  6E8C               	movwf	140,c	;volatile
   187  0000F4  EF62  F000         	goto	l774
   188  0000F8  EF07  F000         	goto	start
   189  0000FC                     __end_of_main:
   190                           	opt callstack 0
   191                           
   192 ;; *************** function _settings *****************
   193 ;; Defined at:
   194 ;;		line 35 in file "main.c"
   195 ;; Parameters:    Size  Location     Type
   196 ;;		None
   197 ;; Auto vars:     Size  Location     Type
   198 ;;		None
   199 ;; Return value:  Size  Location     Type
   200 ;;                  1    wreg      void 
   201 ;; Registers used:
   202 ;;		wreg, status,2
   203 ;; Tracked objects:
   204 ;;		On entry : 0/0
   205 ;;		On exit  : 0/0
   206 ;;		Unchanged: 0/0
   207 ;; Data sizes:     COMRAM   BANK0   BANK1   BANK2   BANK3   BANK4   BANK5   BANK6   BANK7
   208 ;;      Params:         0       0       0       0       0       0       0       0       0
   209 ;;      Locals:         0       0       0       0       0       0       0       0       0
   210 ;;      Temps:          0       0       0       0       0       0       0       0       0
   211 ;;      Totals:         0       0       0       0       0       0       0       0       0
   212 ;;Total ram usage:        0 bytes
   213 ;; Hardware stack levels used:    1
   214 ;; Hardware stack levels required when called:    1
   215 ;; This function calls:
   216 ;;		Nothing
   217 ;; This function is called by:
   218 ;;		_main
   219 ;; This function uses a non-reentrant model
   220 ;;
   221                           
   222                           	psect	text1
   223  0000FC                     __ptext1:
   224                           	opt callstack 0
   225  0000FC                     _settings:
   226                           	opt callstack 29
   227  0000FC                     
   228                           ;main.c: 36: 
   229  0000FC  0E72               	movlw	114
   230  0000FE  6ED3               	movwf	211,c	;volatile
   231                           
   232                           ;main.c: 37: void __attribute__((picinterrupt(("")))) Slave_I2C(void) {
   233  000100  0E0F               	movlw	15
   234  000102  6EC1               	movwf	193,c	;volatile
   235                           
   236                           ;main.c: 38:     if (SSPIF == 1) {
   237  000104  0E00               	movlw	0
   238  000106  6E95               	movwf	149,c	;volatile
   239                           
   240                           ;main.c: 39:         SSPCON1bits.CKP = 0;
   241  000108  0E00               	movlw	0
   242  00010A  6E8C               	movwf	140,c	;volatile
   243  00010C                     
   244                           ;main.c: 40:         if (SSPCON1bits.SSPOV || SSPCON1bits.WCOL) {
   245  00010C  8093               	bsf	147,0,c	;volatile
   246  00010E                     
   247                           ;main.c: 41:             buffer = SSPBUF;
   248  00010E  8293               	bsf	147,1,c	;volatile
   249                           
   250                           ;main.c: 42:             SSPCON1bits.SSPOV = 0;
   251  000110  0E80               	movlw	128
   252  000112  6EC7               	movwf	199,c	;volatile
   253                           
   254                           ;main.c: 43:             SSPCON1bits.WCOL = 0;
   255  000114  0E30               	movlw	48
   256  000116  6EC8               	movwf	200,c	;volatile
   257                           
   258                           ;main.c: 44:             SSPCON1bits.CKP = 1;
   259  000118  0E36               	movlw	54
   260  00011A  6EC6               	movwf	198,c	;volatile
   261                           
   262                           ;main.c: 45:         }
   263  00011C  0E01               	movlw	1
   264  00011E  6EC5               	movwf	197,c	;volatile
   265  000120                     
   266                           ;main.c: 46:         if (!SSPSTATbits.D_nA || !SSPSTATbits.R_nW) {
   267  000120  8EF2               	bsf	4082,7,c	;volatile
   268  000122                     
   269                           ;main.c: 47: 
   270  000122  8CF2               	bsf	4082,6,c	;volatile
   271  000124                     
   272                           ;main.c: 48: 
   273  000124  869D               	bsf	3997,3,c	;volatile
   274  000126                     
   275                           ;main.c: 49: 
   276  000126  969E               	bcf	3998,3,c	;volatile
   277  000128  0012               	return		;funcret
   278  00012A                     __end_of_settings:
   279                           	opt callstack 0
   280                           
   281 ;; *************** function _Slave_I2C *****************
   282 ;; Defined at:
   283 ;;		line 52 in file "main.c"
   284 ;; Parameters:    Size  Location     Type
   285 ;;		None
   286 ;; Auto vars:     Size  Location     Type
   287 ;;		None
   288 ;; Return value:  Size  Location     Type
   289 ;;                  1    wreg      void 
   290 ;; Registers used:
   291 ;;		None
   292 ;; Tracked objects:
   293 ;;		On entry : 0/0
   294 ;;		On exit  : 0/0
   295 ;;		Unchanged: 0/0
   296 ;; Data sizes:     COMRAM   BANK0   BANK1   BANK2   BANK3   BANK4   BANK5   BANK6   BANK7
   297 ;;      Params:         0       0       0       0       0       0       0       0       0
   298 ;;      Locals:         0       0       0       0       0       0       0       0       0
   299 ;;      Temps:          0       0       0       0       0       0       0       0       0
   300 ;;      Totals:         0       0       0       0       0       0       0       0       0
   301 ;;Total ram usage:        0 bytes
   302 ;; Hardware stack levels used:    1
   303 ;; This function calls:
   304 ;;		Nothing
   305 ;; This function is called by:
   306 ;;		Interrupt level 2
   307 ;; This function uses a non-reentrant model
   308 ;;
   309                           
   310                           	psect	intcode
   311  000008                     __pintcode:
   312                           	opt callstack 0
   313  000008                     _Slave_I2C:
   314                           	opt callstack 29
   315                           
   316                           ;incstack = 0
   317  000008  8204               	bsf	int$flags,1,c	;set compiler interrupt flag (level 2)
   318  00000A  ED09  F000         	call	int_func,f	;refresh shadow registers
   319                           
   320                           	psect	intcode_body
   321  000012                     __pintcode_body:
   322                           	opt callstack 29
   323  000012                     int_func:
   324                           	opt callstack 29
   325  000012  0006               	pop		; remove dummy address from shadow register refresh
   326  000014                     
   327                           ;main.c: 53:             mibuffer = SSPBUF;
   328  000014  A69E               	btfss	3998,3,c	;volatile
   329  000016  EF0F  F000         	goto	i2u3_41
   330  00001A  EF11  F000         	goto	i2u3_40
   331  00001E                     i2u3_41:
   332  00001E  EF5E  F000         	goto	i2l82
   333  000022                     i2u3_40:
   334  000022                     
   335                           ;main.c: 54:             SSPCON1bits.CKP = 1;
   336  000022  98C6               	bcf	198,4,c	;volatile
   337                           
   338                           ;main.c: 55:             SSPM3 = 0;
   339  000024  BCC6               	btfsc	198,6,c	;volatile
   340  000026  EF17  F000         	goto	i2u4_41
   341  00002A  EF19  F000         	goto	i2u4_40
   342  00002E                     i2u4_41:
   343  00002E  EF20  F000         	goto	i2l68
   344  000032                     i2u4_40:
   345  000032  AEC6               	btfss	198,7,c	;volatile
   346  000034  EF1E  F000         	goto	i2u5_41
   347  000038  EF20  F000         	goto	i2u5_40
   348  00003C                     i2u5_41:
   349  00003C  EF25  F000         	goto	i2l66
   350  000040                     i2u5_40:
   351  000040                     i2l68:
   352                           
   353                           ;main.c: 56:         } else if (!SSPSTATbits.D_nA || SSPSTATbits.R_nW) {
   354  000040  CFC9 F002          	movff	4041,_buffer	;volatile
   355                           
   356                           ;main.c: 57: 
   357  000044  9CC6               	bcf	198,6,c	;volatile
   358                           
   359                           ;main.c: 58: 
   360  000046  9EC6               	bcf	198,7,c	;volatile
   361                           
   362                           ;main.c: 59: 
   363  000048  88C6               	bsf	198,4,c	;volatile
   364  00004A                     i2l66:
   365                           
   366                           ;main.c: 61:             BF = 0;
   367  00004A  AAC7               	btfss	199,5,c	;volatile
   368  00004C  EF2A  F000         	goto	i2u6_41
   369  000050  EF2C  F000         	goto	i2u6_40
   370  000054                     i2u6_41:
   371  000054  EF33  F000         	goto	i2l71
   372  000058                     i2u6_40:
   373  000058  B4C7               	btfsc	199,2,c	;volatile
   374  00005A  EF31  F000         	goto	i2u7_41
   375  00005E  EF33  F000         	goto	i2u7_40
   376  000062                     i2u7_41:
   377  000062  EF42  F000         	goto	i2l69
   378  000066                     i2u7_40:
   379  000066                     i2l71:
   380                           
   381                           ;main.c: 66:         SSPIF = 0;
   382  000066  CFC9 F002          	movff	4041,_buffer	;volatile
   383  00006A                     i2l72:
   384  00006A  B0C7               	btfsc	4039,0,c	;volatile
   385  00006C  EF3A  F000         	goto	i2u8_41
   386  000070  EF3C  F000         	goto	i2u8_40
   387  000074                     i2u8_41:
   388  000074  EF35  F000         	goto	i2l72
   389  000078                     i2u8_40:
   390  000078                     
   391                           ;main.c: 68: }
   392  000078  CFC9 F001          	movff	4041,_mibuffer	;volatile
   393  00007C  88C6               	bsf	198,4,c	;volatile
   394  00007E  96C6               	bcf	4038,3,c	;volatile
   395  000080  EF5D  F000         	goto	i2l75
   396  000084                     i2l69:
   397  000084  AAC7               	btfss	199,5,c	;volatile
   398  000086  EF47  F000         	goto	i2u9_41
   399  00008A  EF49  F000         	goto	i2u9_40
   400  00008E                     i2u9_41:
   401  00008E  EF50  F000         	goto	i2l78
   402  000092                     i2u9_40:
   403  000092  A4C7               	btfss	199,2,c	;volatile
   404  000094  EF4E  F000         	goto	i2u10_41
   405  000098  EF50  F000         	goto	i2u10_40
   406  00009C                     i2u10_41:
   407  00009C  EF5D  F000         	goto	i2l75
   408  0000A0                     i2u10_40:
   409  0000A0                     i2l78:
   410  0000A0  CFC9 F002          	movff	4041,_buffer	;volatile
   411  0000A4  90C7               	bcf	4039,0,c	;volatile
   412  0000A6  CF82 FFC9          	movff	3970,4041	;volatile
   413  0000AA  88C6               	bsf	198,4,c	;volatile
   414  0000AC                     i2l79:
   415  0000AC  B0C7               	btfsc	199,0,c	;volatile
   416  0000AE  EF5B  F000         	goto	i2u11_41
   417  0000B2  EF5D  F000         	goto	i2u11_40
   418  0000B6                     i2u11_41:
   419  0000B6  EF56  F000         	goto	i2l79
   420  0000BA                     i2u11_40:
   421  0000BA                     i2l75:
   422  0000BA  969E               	bcf	3998,3,c	;volatile
   423  0000BC                     i2l82:
   424  0000BC  9204               	bcf	int$flags,1,c	;clear compiler interrupt flag (level 2)
   425  0000BE  0011               	retfie		f
   426  0000C0                     __end_of_Slave_I2C:
   427                           	opt callstack 0
   428  0000                     
   429                           	psect	rparam
   430  0000                     
   431                           	psect	temp
   432  000004                     btemp:
   433                           	opt callstack 0
   434  000004                     	ds	1
   435  0000                     int$flags	set	btemp
   436  0000                     wtemp8	set	btemp+1
   437  0000                     ttemp5	set	btemp+1
   438  0000                     ttemp6	set	btemp+4
   439  0000                     ttemp7	set	btemp+8
   440                           tosu	equ	0xFFF
   441                           tosh	equ	0xFFE
   442                           tosl	equ	0xFFD
   443                           stkptr	equ	0xFFC
   444                           pclatu	equ	0xFFB
   445                           pclath	equ	0xFFA
   446                           pcl	equ	0xFF9
   447                           tblptru	equ	0xFF8
   448                           tblptrh	equ	0xFF7
   449                           tblptrl	equ	0xFF6
   450                           tablat	equ	0xFF5
   451                           prodh	equ	0xFF4
   452                           prodl	equ	0xFF3
   453                           indf0	equ	0xFEF
   454                           postinc0	equ	0xFEE
   455                           postdec0	equ	0xFED
   456                           preinc0	equ	0xFEC
   457                           plusw0	equ	0xFEB
   458                           fsr0h	equ	0xFEA
   459                           fsr0l	equ	0xFE9
   460                           wreg	equ	0xFE8
   461                           indf1	equ	0xFE7
   462                           postinc1	equ	0xFE6
   463                           postdec1	equ	0xFE5
   464                           preinc1	equ	0xFE4
   465                           plusw1	equ	0xFE3
   466                           fsr1h	equ	0xFE2
   467                           fsr1l	equ	0xFE1
   468                           bsr	equ	0xFE0
   469                           indf2	equ	0xFDF
   470                           postinc2	equ	0xFDE
   471                           postdec2	equ	0xFDD
   472                           preinc2	equ	0xFDC
   473                           plusw2	equ	0xFDB
   474                           fsr2h	equ	0xFDA
   475                           fsr2l	equ	0xFD9
   476                           status	equ	0xFD8


Data Sizes:
    Strings     0
    Constant    0
    Data        0
    BSS         2
    Persistent  1
    Stack       0

Auto Spaces:
    Space          Size  Autos    Used
    COMRAM           94      0       3
    BANK0           160      0       0
    BANK1           256      0       0
    BANK2           256      0       0
    BANK3           256      0       0
    BANK4           256      0       0
    BANK5           256      0       0
    BANK6           256      0       0
    BANK7           256      0       0

Pointer List with Targets:

    None.

Critical Paths under _main in COMRAM

    None.

Critical Paths under _Slave_I2C in COMRAM

    None.

Critical Paths under _main in BANK0

    None.

Critical Paths under _Slave_I2C in BANK0

    None.

Critical Paths under _main in BANK1

    None.

Critical Paths under _Slave_I2C in BANK1

    None.

Critical Paths under _main in BANK2

    None.

Critical Paths under _Slave_I2C in BANK2

    None.

Critical Paths under _main in BANK3

    None.

Critical Paths under _Slave_I2C in BANK3

    None.

Critical Paths under _main in BANK4

    None.

Critical Paths under _Slave_I2C in BANK4

    None.

Critical Paths under _main in BANK5

    None.

Critical Paths under _Slave_I2C in BANK5

    None.

Critical Paths under _main in BANK6

    None.

Critical Paths under _Slave_I2C in BANK6

    None.

Critical Paths under _main in BANK7

    None.

Critical Paths under _Slave_I2C in BANK7

    None.

Call Graph Tables:

 ---------------------------------------------------------------------------------
 (Depth) Function   	        Calls       Base Space   Used Autos Params    Refs
 ---------------------------------------------------------------------------------
 (0) _main                                                 0     0      0       0
                           _settings
 ---------------------------------------------------------------------------------
 (1) _settings                                             0     0      0       0
 ---------------------------------------------------------------------------------
 Estimated maximum stack depth 1
 ---------------------------------------------------------------------------------
 (Depth) Function   	        Calls       Base Space   Used Autos Params    Refs
 ---------------------------------------------------------------------------------
 (2) _Slave_I2C                                            0     0      0       0
 ---------------------------------------------------------------------------------
 Estimated maximum stack depth 2
 ---------------------------------------------------------------------------------

 Call Graph Graphs:

 _main (ROOT)
   _settings

 _Slave_I2C (ROOT)

 Address spaces:
Name               Size   Autos  Total    Cost      Usage
BIGRAM             7FF      0       0      21        0.0%
EEDATA             100      0       0       0        0.0%
BITBANK7           100      0       0      18        0.0%
BANK7              100      0       0      19        0.0%
BITBANK6           100      0       0      16        0.0%
BANK6              100      0       0      17        0.0%
BITBANK5           100      0       0      14        0.0%
BANK5              100      0       0      15        0.0%
BITBANK4           100      0       0      12        0.0%
BANK4              100      0       0      13        0.0%
BITBANK3           100      0       0      10        0.0%
BANK3              100      0       0      11        0.0%
BITBANK2           100      0       0       8        0.0%
BANK2              100      0       0       9        0.0%
BITBANK1           100      0       0       6        0.0%
BANK1              100      0       0       7        0.0%
BITBANK0            A0      0       0       4        0.0%
BANK0               A0      0       0       5        0.0%
BITCOMRAM           5E      0       0       0        0.0%
COMRAM              5E      0       3       1        3.2%
BITSFR               0      0       0     200        0.0%
SFR                  0      0       0     200        0.0%
STACK                0      0       0       2        0.0%
NULL                 0      0       0       0        0.0%
ABS                  0      0       3      20        0.0%
DATA                 0      0       3       3        0.0%
CODE                 0      0       0       0        0.0%


Microchip Technology PIC18 Macro Assembler V2.10 build 88905656 
Symbol Table                                                                                   Fri Mar 05 20:40:10 2021

            _SSPSTATbits 000FC7                       _BF 007E38                       l60 0128  
                     u10 00D8                       u11 00D4                       u20 00F0  
                     u21 00EC                      l760 010C                      l770 0126  
                    l762 010E                      l764 0120                      l780 00E0  
                    l772 00C0                      l766 0122                      l758 00FC  
                    l782 00F0                      l774 00C4                      l768 0124  
                    l776 00C8                      l778 00D8                      _GIE 007F97  
           __CFG_LVP$OFF 000000             __CFG_WDT$OFF 000000                     _LATD 000F8C  
                   _PEIE 007F96                     i2l71 0066                     i2l72 006A  
                   i2l74 0078                     i2l66 004A                     i2l82 00BC  
                   i2l75 00BA                     i2l68 0040                     i2l69 0084  
                   i2l78 00A0                     i2l79 00AC                     _main 00C0  
                   _byte 0003                     btemp 0004                     start 000E  
           ___param_bank 000000                    ?_main 0000                    i2l790 0058  
                  i2l792 0092                    i2l784 0014                    i2l786 0022  
                  i2l788 0032                    _PORTC 000F82                    _SSPM3 007E33  
                  _TRISD 000F95                    _SSPIE 007CEB                    _SSPIF 007CF3  
                  ttemp5 0005                    ttemp6 0008                    ttemp7 000C  
                  status 000FD8                    wtemp8 0005          __initialization 012A  
           __end_of_main 00FC                   ??_main 0000            __activetblptr 000000  
                 _ADCON1 000FC1                   _OSCCON 000FD3                   i2u3_40 0022  
                 i2u3_41 001E                   i2u4_40 0032                   i2u4_41 002E  
                 i2u5_40 0040                   i2u5_41 003C                   i2u6_40 0058  
                 i2u6_41 0054                   i2u7_40 0066                   i2u7_41 0062  
                 _SSPADD 000FC8                   i2u8_40 0078                   i2u8_41 0074  
                 i2u9_40 0092                   i2u9_41 008E                   _SSPBUF 000FC9  
                 _buffer 0002       __size_of_Slave_I2C 00B8         __end_of_settings 012A  
             __accesstop 0060  __end_of__initialization 012E            ___rparam_used 000001  
         __pcstackCOMRAM 0000        __end_of_Slave_I2C 00C0               __pnvCOMRAM 0003  
                i2u10_40 00A0                  i2u10_41 009C                  i2u11_40 00BA  
                i2u11_41 00B6                  _SSPCON1 000FC6                  _SSPCON2 000FC5  
                _SSPSTAT 000FC7                  __Hparam 0000                  __Lparam 0000  
              ?_settings 0000                  __pcinit 012A                  __ramtop 0800  
                __ptext0 00C0                  __ptext1 00FC           __pintcode_body 0012  
   end_of_initialization 012E                  int_func 0012               ??_settings 0000  
              _TRISBbits 000F93      start_initialization 012A                _Slave_I2C 0008  
            __pbssCOMRAM 0001               ?_Slave_I2C 0000                __pintcode 0008  
      __size_of_settings 002E                 __Hrparam 0000              ??_Slave_I2C 0000  
               __Lrparam 0000            __size_of_main 003C                 _mibuffer 0001  
               _settings 00FC                 int$flags 0004                 intlevel2 0000  
    __CFG_FOSC$INTOSC_HS 000000              _SSPCON1bits 000FC6  
